[download_random.py] Downloaded pic: https://i.redd.it/1obm0kl59rj41.jpg
[download_random.py] Downloaded pic: https://i.redd.it/l946eg64abv41.jpg
[download_random.py] Downloaded pic: https://i.redd.it/lj2c8euq04k41.jpg
[download_random.py] Downloaded pic: https://i.redd.it/io9ktv1i4ek41.jpg
[download_random.py] Downloaded pic: https://i.redd.it/y2grk6rq4tl31.png
[download_random.py] Downloaded pic: https://i.redd.it/q7to1xru7hl41.jpg
[download_random.py] Downloaded pic: https://i.redd.it/xdc4oxu06qj41.png
[download_random.py] Downloading https://i.redd.it/hj6o1c860xk41.jpg
[download_random.py] Downloading https://i.redd.it/qqjdxu0dyus41.png
[download_random.py] Downloading https://i.redd.it/y2grk6rq4tl31.png
[download_random.py] Downloading https://i.redd.it/xdc4oxu06qj41.png
[download_random.py] Downloading https://i.redd.it/d0qcwuat2kr41.png
[download_random.py] Downloading https://i.redd.it/7b6qoic7thk41.jpg
[download_random.py] Downloading https://i.redd.it/z92qwnhb6qj41.jpg
[download_random.py] Downloading https://i.redd.it/hj6o1c860xk41.jpg
[download_random.py] Downloading https://i.redd.it/ebd0aeo5jak41.jpg
[download_random.py] Downloading https://i.redd.it/j0w6s4fwfrj41.jpg
[download_random.py] Downloading https://i.redd.it/v2abw4eqk1k41.jpg
[download_random.py] Downloading https://i.redd.it/ebd0aeo5jak41.jpg
[download_random.py] Downloading https://i.redd.it/kl7m4086zhk41.png
[download_random.py] Downloading https://i.redd.it/pvu3bva3ast41.png
[download_random.py] Downloading https://i.redd.it/mhuzvdi166s41.png
[download_random.py] Downloading https://i.redd.it/q7to1xru7hl41.jpg
[download_random.py] Downloading https://i.redd.it/io9ktv1i4ek41.jpg
[download_random.py] Downloading https://i.redd.it/qeln8u2318v41.jpg
[download_random.py] Downloading https://i.redd.it/pvu3bva3ast41.png
[download_random.py] Downloading https://i.redd.it/mhuzvdi166s41.png
[download_random.py] Downloading https://i.redd.it/v2abw4eqk1k41.jpg
[download_random.py] Downloading https://i.redd.it/1obm0kl59rj41.jpg
[download_random.py] Downloading https://i.redd.it/8i3rh1nypfs41.png
